{"total": {"lines":{"total":251,"covered":84,"skipped":0,"pct":33.46},"statements":{"total":268,"covered":85,"skipped":0,"pct":31.71},"functions":{"total":63,"covered":14,"skipped":0,"pct":22.22},"branches":{"total":96,"covered":19,"skipped":0,"pct":19.79},"branchesTrue":{"total":0,"covered":0,"skipped":0,"pct":100}}
,"C:\\Users\\pkull\\beReal_final\\beReal\\app\\index.tsx": {"lines":{"total":30,"covered":22,"skipped":0,"pct":73.33},"functions":{"total":10,"covered":4,"skipped":0,"pct":40},"statements":{"total":31,"covered":23,"skipped":0,"pct":74.19},"branches":{"total":4,"covered":3,"skipped":0,"pct":75}}
,"C:\\Users\\pkull\\beReal_final\\beReal\\app\\(tabs)\\feed.js": {"lines":{"total":44,"covered":28,"skipped":0,"pct":63.63},"functions":{"total":16,"covered":5,"skipped":0,"pct":31.25},"statements":{"total":45,"covered":28,"skipped":0,"pct":62.22},"branches":{"total":25,"covered":13,"skipped":0,"pct":52}}
,"C:\\Users\\pkull\\beReal_final\\beReal\\components\\BeRealCard.js": {"lines":{"total":17,"covered":3,"skipped":0,"pct":17.64},"functions":{"total":4,"covered":0,"skipped":0,"pct":0},"statements":{"total":19,"covered":3,"skipped":0,"pct":15.78},"branches":{"total":17,"covered":0,"skipped":0,"pct":0}}
,"C:\\Users\\pkull\\beReal_final\\beReal\\context\\AuthContext.js": {"lines":{"total":47,"covered":29,"skipped":0,"pct":61.7},"functions":{"total":8,"covered":5,"skipped":0,"pct":62.5},"statements":{"total":49,"covered":29,"skipped":0,"pct":59.18},"branches":{"total":12,"covered":3,"skipped":0,"pct":25}}
,"C:\\Users\\pkull\\beReal_final\\beReal\\context\\FriendsContext.js": {"lines":{"total":113,"covered":2,"skipped":0,"pct":1.76},"functions":{"total":25,"covered":0,"skipped":0,"pct":0},"statements":{"total":124,"covered":2,"skipped":0,"pct":1.61},"branches":{"total":38,"covered":0,"skipped":0,"pct":0}}
}
